#
# There is insufficient memory for the Java Runtime Environment to continue.
# Native memory allocation (malloc) failed to allocate 32756 bytes for ChunkPool::allocate
# Possible reasons:
#   The system is out of physical RAM or swap space
#   In 32 bit mode, the process size limit was hit
# Possible solutions:
#   Reduce memory load on the system
#   Increase physical memory or swap space
#   Check if swap backing store is full
#   Use 64 bit Java on a 64 bit OS
#   Decrease Java heap size (-Xmx/-Xms)
#   Decrease number of Java threads
#   Decrease Java thread stack sizes (-Xss)
#   Set larger code cache with -XX:ReservedCodeCacheSize=
# This output file may be truncated or incomplete.
#
#  Out of Memory Error (allocation.cpp:273), pid=25216, tid=0x00014298
#
# JRE version: Java(TM) SE Runtime Environment (8.0_191-b12) (build 1.8.0_191-b12)
# Java VM: Java HotSpot(TM) Client VM (25.191-b12 mixed mode windows-x86 )
# Failed to write core dump. Minidumps are not enabled by default on client versions of Windows
#

---------------  T H R E A D  ---------------

Current thread (0x1589a000):  JavaThread "C1 CompilerThread0" daemon [_thread_in_native, id=82584, stack(0x15da0000,0x15df0000)]

Stack: [0x15da0000,0x15df0000],  sp=0x15deee94,  free space=315k
Native frames: (J=compiled Java code, j=interpreted, Vv=VM code, C=native code)
V  [jvm.dll+0x1acfeb]
V  [jvm.dll+0x1a56c8]
V  [jvm.dll+0x8de91]
V  [jvm.dll+0x8e06d]
V  [jvm.dll+0x8e4e7]
V  [jvm.dll+0x2a3ab8]
V  [jvm.dll+0x2a4f5a]
V  [jvm.dll+0x2a70e4]
V  [jvm.dll+0x2a8698]
V  [jvm.dll+0x2a8b29]
V  [jvm.dll+0x28d1a9]
V  [jvm.dll+0x28d27a]
V  [jvm.dll+0x28d3e8]
V  [jvm.dll+0x28d662]
V  [jvm.dll+0x7157a]
V  [jvm.dll+0x71d2f]
V  [jvm.dll+0x17f550]
V  [jvm.dll+0x17fdca]
V  [jvm.dll+0x1c57a6]
C  [msvcr100.dll+0x5c556]
C  [msvcr100.dll+0x5c600]
C  [KERNEL32.DLL+0x17ba9]
C  [ntdll.dll+0x6bd2b]
C  [ntdll.dll+0x6bcaf]
C  0x00000000


Current CompileTask:
C1:     95   17             sun.nio.cs.UTF_8$Decoder::decodeArrayLoop (691 bytes)


---------------  P R O C E S S  ---------------

Java Threads: ( => current thread )
  0x15896000 JavaThread "Service Thread" daemon [_thread_blocked, id=86936, stack(0x15e30000,0x15e80000)]
=>0x1589a000 JavaThread "C1 CompilerThread0" daemon [_thread_in_native, id=82584, stack(0x15da0000,0x15df0000)]
  0x15899000 JavaThread "Attach Listener" daemon [_thread_blocked, id=46836, stack(0x15d10000,0x15d60000)]
  0x15897000 JavaThread "Signal Dispatcher" daemon [_thread_blocked, id=86360, stack(0x15c80000,0x15cd0000)]
  0x1587ac00 JavaThread "Finalizer" daemon [_thread_blocked, id=88696, stack(0x15af0000,0x15b40000)]
  0x15874c00 JavaThread "Reference Handler" daemon [_thread_blocked, id=79728, stack(0x15a60000,0x15ab0000)]
  0x0188c800 JavaThread "main" [_thread_in_vm, id=85864, stack(0x03040000,0x03090000)]

Other Threads:
  0x0323e400 VMThread [stack: 0x05370000,0x053c0000] [id=77060]
  0x15896800 WatcherThread [stack: 0x15ec0000,0x15f10000] [id=82908]

VM state:not at safepoint (normal execution)

VM Mutex/Monitor currently owned by a thread: None

Heap:
 def new generation   total 4928K, used 899K [0x05400000, 0x05950000, 0x0a950000)
  eden space 4416K,  20% used [0x05400000, 0x054e0fe0, 0x05850000)
  from space 512K,   0% used [0x05850000, 0x05850000, 0x058d0000)
  to   space 512K,   0% used [0x058d0000, 0x058d0000, 0x05950000)
 tenured generation   total 10944K, used 0K [0x0a950000, 0x0b400000, 0x15400000)
   the space 10944K,   0% used [0x0a950000, 0x0a950000, 0x0a950200, 0x0b400000)
 Metaspace       used 2564K, capacity 2647K, committed 2752K, reserved 4480K

Card table byte_map: [0x05240000,0x052d0000] byte_map_base: 0x05216000

Polling page: 0x01850000

CodeCache: size=32768Kb used=680Kb max_used=680Kb free=32087Kb
 bounds [0x03240000, 0x032f0000, 0x05240000]
 total_blobs=167 nmethods=24 adapters=75
 compilation: enabled

Compilation events (10 events):
Event: 0.060 Thread 0x1589a000 nmethod 12 0x032e63c8 code [0x032e64e0, 0x032e66a8]
Event: 0.060 Thread 0x1589a000   13             java.lang.AbstractStringBuilder::append (29 bytes)
Event: 0.060 Thread 0x1589a000 nmethod 13 0x032e6788 code [0x032e68a0, 0x032e6aa8]
Event: 0.070 Thread 0x1589a000   14             java.lang.String::indexOf (166 bytes)
Event: 0.070 Thread 0x1589a000 nmethod 14 0x032e7348 code [0x032e7460, 0x032e7690]
Event: 0.070 Thread 0x1589a000   15             java.io.WinNTFileSystem::normalize (143 bytes)
Event: 0.070 Thread 0x1589a000 nmethod 15 0x032e79c8 code [0x032e7b10, 0x032e7d8c]
Event: 0.071 Thread 0x1589a000   16   !         java.io.BufferedReader::readLine (304 bytes)
Event: 0.071 Thread 0x1589a000 nmethod 16 0x032e8048 code [0x032e8200, 0x032e8d44]
Event: 0.071 Thread 0x1589a000   17             sun.nio.cs.UTF_8$Decoder::decodeArrayLoop (691 bytes)

GC Heap History (0 events):
No events

Deoptimization events (0 events):
No events

Classes redefined (0 events):
No events

Internal exceptions (2 events):
Event: 0.028 Thread 0x0188c800 Exception <a 'java/lang/NoSuchMethodError': Method sun.misc.Unsafe.defineClass(Ljava/lang/String;[BII)Ljava/lang/Class; name or signature does not match> (0x05406ea8) thrown at [C:\workspace\8-2-build-windows-i586-cygwin\jdk8u191\11896\hotspot\src\share\v
Event: 0.028 Thread 0x0188c800 Exception <a 'java/lang/NoSuchMethodError': Method sun.misc.Unsafe.prefetchRead(Ljava/lang/Object;J)V name or signature does not match> (0x05407178) thrown at [C:\workspace\8-2-build-windows-i586-cygwin\jdk8u191\11896\hotspot\src\share\vm\prims\jni.cpp, l

Events (10 events):
Event: 0.070 loading class java/util/LinkedHashMap$LinkedEntrySet done
Event: 0.070 loading class java/util/LinkedHashMap$LinkedEntryIterator
Event: 0.070 loading class java/util/LinkedHashMap$LinkedHashIterator
Event: 0.070 loading class java/util/LinkedHashMap$LinkedHashIterator done
Event: 0.070 loading class java/util/LinkedHashMap$LinkedEntryIterator done
Event: 0.070 loading class sun/misc/Launcher$BootClassPathHolder
Event: 0.070 loading class sun/misc/Launcher$BootClassPathHolder done
Event: 0.070 loading class sun/misc/Launcher$BootClassPathHolder$1
Event: 0.070 loading class sun/misc/Launcher$BootClassPathHolder$1 done
Event: 0.073 loading class sun/misc/URLClassPath$2


Dynamic libraries:
0x00950000 - 0x00983000 	C:\Program Files (x86)\Java\jdk1.8.0_191\bin\java.exe
0x774d0000 - 0x77681000 	C:\WINDOWS\SYSTEM32\ntdll.dll
0x75b20000 - 0x75c10000 	C:\WINDOWS\System32\KERNEL32.DLL
0x75ff0000 - 0x76263000 	C:\WINDOWS\System32\KERNELBASE.dll
0x70370000 - 0x70416000 	C:\WINDOWS\SYSTEM32\apphelp.dll
0x76a30000 - 0x76aae000 	C:\WINDOWS\System32\ADVAPI32.dll
0x773f0000 - 0x774b4000 	C:\WINDOWS\System32\msvcrt.dll
0x75430000 - 0x754b4000 	C:\WINDOWS\System32\sechost.dll
0x77000000 - 0x770ba000 	C:\WINDOWS\System32\RPCRT4.dll
0x75d80000 - 0x75f28000 	C:\WINDOWS\System32\USER32.dll
0x76b10000 - 0x76b2a000 	C:\WINDOWS\System32\win32u.dll
0x75210000 - 0x75233000 	C:\WINDOWS\System32\GDI32.dll
0x77210000 - 0x772f2000 	C:\WINDOWS\System32\gdi32full.dll
0x769b0000 - 0x76a29000 	C:\WINDOWS\System32\msvcp_win.dll
0x75890000 - 0x759a2000 	C:\WINDOWS\System32\ucrtbase.dll
0x71160000 - 0x71388000 	C:\WINDOWS\WinSxS\x86_microsoft.windows.common-controls_6595b64144ccf1df_6.0.22621.2506_none_6eb991c088050a06\COMCTL32.dll
0x755e0000 - 0x75605000 	C:\WINDOWS\System32\IMM32.DLL
0x68530000 - 0x685ef000 	C:\Program Files (x86)\Java\jdk1.8.0_191\jre\bin\msvcr100.dll
0x5fba0000 - 0x5ff73000 	C:\Program Files (x86)\Java\jdk1.8.0_191\jre\bin\client\jvm.dll
0x75f30000 - 0x75f36000 	C:\WINDOWS\System32\PSAPI.DLL
0x74880000 - 0x748b1000 	C:\WINDOWS\SYSTEM32\WINMM.dll
0x6c550000 - 0x6c558000 	C:\WINDOWS\SYSTEM32\WSOCK32.dll
0x742b0000 - 0x742b8000 	C:\WINDOWS\SYSTEM32\VERSION.dll
0x77300000 - 0x7735f000 	C:\WINDOWS\System32\WS2_32.dll
0x6c540000 - 0x6c54c000 	C:\Program Files (x86)\Java\jdk1.8.0_191\jre\bin\verify.dll
0x629e0000 - 0x62a02000 	C:\Program Files (x86)\Java\jdk1.8.0_191\jre\bin\java.dll
0x6bc60000 - 0x6bc74000 	C:\Program Files (x86)\Java\jdk1.8.0_191\jre\bin\zip.dll
0x76310000 - 0x769a6000 	C:\WINDOWS\System32\SHELL32.dll
0x70510000 - 0x70bfa000 	C:\WINDOWS\SYSTEM32\windows.storage.dll
0x75610000 - 0x7588d000 	C:\WINDOWS\System32\combase.dll
0x70440000 - 0x70507000 	C:\WINDOWS\SYSTEM32\wintypes.dll
0x75360000 - 0x75421000 	C:\WINDOWS\System32\SHCORE.dll
0x751c0000 - 0x7520b000 	C:\WINDOWS\System32\shlwapi.dll
0x74290000 - 0x742ad000 	C:\WINDOWS\SYSTEM32\profapi.dll
0x74f40000 - 0x75116000 	C:\WINDOWS\SYSTEM32\dbghelp.dll
0x75f50000 - 0x75fec000 	C:\WINDOWS\System32\OLEAUT32.dll
0x759b0000 - 0x75a12000 	C:\WINDOWS\System32\bcryptPrimitives.dll
0x62890000 - 0x629d7000 	C:\Program Files (x86)\Java\jdk1.8.0_191\jre\bin\awt.dll

VM Arguments:
jvm_args: -Dfile.encoding=UTF-8 
java_command: hotel.management.system.dashboard
java_class_path (initial): C:\Users\HP\Documents\NetBeansProjects\Hotel Management System\build\classes
Launcher Type: SUN_STANDARD

Environment Variables:
PATH=C:\Program Files (x86)\Common Files\Oracle\Java\javapath;C:\windows\system32;C:\windows;C:\windows\System32\Wbem;C:\windows\System32\WindowsPowerShell\v1.0\;C:\windows\System32\OpenSSH\;C:\Program Files (x86)\NVIDIA Corporation\PhysX\Common;C:\WINDOWS\system32;C:\WINDOWS;C:\WINDOWS\System32\Wbem;C:\WINDOWS\System32\WindowsPowerShell\v1.0\;C:\WINDOWS\System32\OpenSSH\;C:\Program Files\nodejs\;C:\Program Files\NVIDIA Corporation\NVIDIA NvDLISR;C:\Program Files\MySQL\MySQL Shell 8.0\bin\;C:\Users\HP\AppData\Local\Microsoft\WindowsApps;;C:\Users\HP\AppData\Local\Programs\Microsoft VS Code\bin;C:\Users\HP\AppData\Roaming\npm
USERNAME=HP
OS=Windows_NT
PROCESSOR_IDENTIFIER=AMD64 Family 25 Model 80 Stepping 0, AuthenticAMD



---------------  S Y S T E M  ---------------

OS: Windows 10.0 , 64 bit Build 22621 (10.0.22621.2506)

CPU:total 16 (initial active 16) (16 cores per cpu, 1 threads per core) family 25 model 80 stepping 0, cmov, cx8, fxsr, mmx, sse, sse2, sse3, ssse3, sse4.1, sse4.2, popcnt, avx, avx2, aes, clmul, erms, mmxext, 3dnowpref, lzcnt, sse4a, tsc, tscinvbit, tscinv, bmi1

Memory: 4k page, physical 16090780k(1783356k free), swap 42223988k(728k free)

vm_info: Java HotSpot(TM) Client VM (25.191-b12) for windows-x86 JRE (1.8.0_191-b12), built on Oct  6 2018 08:34:23 by "java_re" with MS VC++ 10.0 (VS2010)

time: Mon Dec 18 13:36:27 2023
elapsed time: 0 seconds (0d 0h 0m 0s)

